Sinä: hei, minulla on ollut ongelmia kortin lukituksen suhteen ulkomaan matkalla. Olen ollut tänään yhteydessä chatin kautta kahdesti aiemmin, ja haluaisin tietää onko tilanteessa tapahtunut mitään muutosta.
Nordea: Hei, olen Marika. Miten voin auttaa?
Nordea: Kerrotko henkilötunnuksesi loppuosan vielä alkuun?
Sinä: henkilötunnuksen loppuosa 217S
Nordea: Kiitos, odotathan hetken
Nordea: Kortilla ollut lukitus on nut poistettu. Kortilla oli lukitus, sillä on ollut epäily korttitietojen joutuneen vääriin käsiin. Sinulla on myös tilattu uusi kortti, mutta voit matkan aikana käyttää korttiais maksupäätteellä ja automaatissa.
Sinä: ok, testaan toimivuutta samantien
Sinä: google services pitäisi olla juuri nyt kysynyt kortin toimivuutta
Nordea: Hyvä juttu. Jos sinulla on käytössä Apple Pay, niin voit uuden kortin liittää siellä käyttöösi vaikkei sinulla fyysistä korttia vielä olekaan. 
Sinä: ilmoitti tosin virheestä
Nordea: Internet ostot eivät välttämättä toimi
Sinä: voitko kuitenkin varmistaa että tämä ei vahingossa lukinnut korttia heti uudestaan
Nordea: Jos myyjällä on mahdollista vahvistaa internet ostot pankkitunnuksilla, niin niiden pitäsi toimia. Heki, niin katson.
Nordea: Kyseinen tapahtuma näkyy hylkääntyneenä, mutta kortti ei oel lukkiutunut. 
Sinä: ok
Nordea: Maksupäätteellä ja automaatilla kortin tulisi kyllä nyt toimia.
Sinä: no, mikäli kortilla saa nostettua rahaa nyt paikan päältä pankkiautomaatista, asian pitäisi olla tilapäisesti kunnossa
Sinä: kiitos tästä
Sinä: palaan asiaan vielä myöhemmin jos on tarvetta
Nordea: Kyllä, toivotaan näin. Oliko sinulle suositeltu toisen mahdollisen luotollisen kortin hankkimista?
Sinä: mainittiin aiemmin, palaan asiaan myöhemmin kunhan olen tullut takaisin Suomeen
Nordea: Hyvä juttu, kannattaa miettia toisen mahdollisesti luotollisen kortin hankkimista. 
